<?xml version="1.0" encoding="UTF-8"?>
<!-- Generated by org.testng.reporters.JUnitReportReporter -->
<testsuite hostname="OTSWJLPY633" failures="0" tests="1" name="apitestResReq.GetNonExistingUser" time="1.890" errors="0" timestamp="2022-03-15T16:30:31 PDT" skipped="0">
  <testcase classname="apitestResReq.GetNonExistingUser" name="getUsers" time="1.890"/>
  <system-out/>
</testsuite> <!-- apitestResReq.GetNonExistingUser -->
