<?xml version="1.0" encoding="UTF-8"?>
<!-- Generated by org.testng.reporters.JUnitReportReporter -->
<testsuite hostname="OTSWJLPY633" failures="0" tests="5" name="apitestResReq.PostRegister" time="4.185" errors="0" timestamp="2022-03-15T17:30:46 PDT" skipped="0">
  <testcase classname="apitestResReq.PostRegister" name="getUsers" time="1.876"/>
  <system-out/>
  <testcase classname="apitestResReq.PostRegister" name="getUsers" time="0.798"/>
  <system-out/>
  <testcase classname="apitestResReq.PostRegister" name="getUsers" time="0.520"/>
  <system-out/>
  <testcase classname="apitestResReq.PostRegister" name="getUsers" time="0.498"/>
  <system-out/>
  <testcase classname="apitestResReq.PostRegister" name="getUsers" time="0.493"/>
  <system-out/>
</testsuite> <!-- apitestResReq.PostRegister -->
