<?xml version="1.0" encoding="UTF-8"?>
<!-- Generated by org.testng.reporters.JUnitReportReporter -->
<testsuite hostname="OTSWJLPY633" failures="0" tests="1" name="apitestResReq.GetSpecificUser" time="1.814" errors="0" timestamp="2022-03-15T17:24:44 PDT" skipped="0">
  <testcase classname="apitestResReq.GetSpecificUser" name="getUsers" time="1.814"/>
  <system-out/>
</testsuite> <!-- apitestResReq.GetSpecificUser -->
