<?xml version="1.0" encoding="UTF-8"?>
<!-- Generated by org.testng.reporters.JUnitReportReporter -->
<testsuite hostname="OTSWJLPY633" failures="0" tests="1" name="apitestResReq.GetUsers" time="0.233" errors="0" timestamp="2022-03-15T17:57:01 PDT" skipped="0">
  <testcase classname="apitestResReq.GetUsers" name="getUsers" time="0.233"/>
  <system-out/>
</testsuite> <!-- apitestResReq.GetUsers -->
