<?xml version="1.0" encoding="UTF-8"?>
<!-- Generated by org.testng.reporters.JUnitReportReporter -->
<testsuite hostname="OTSWJLPY633" failures="0" tests="5" name="apitestResReq.PostRegister" time="2.929" errors="0" timestamp="2022-03-15T17:57:01 PDT" skipped="0">
  <testcase classname="apitestResReq.PostRegister" name="getUsers" time="0.574"/>
  <system-out/>
  <testcase classname="apitestResReq.PostRegister" name="getUsers" time="0.633"/>
  <system-out/>
  <testcase classname="apitestResReq.PostRegister" name="getUsers" time="0.676"/>
  <system-out/>
  <testcase classname="apitestResReq.PostRegister" name="getUsers" time="0.499"/>
  <system-out/>
  <testcase classname="apitestResReq.PostRegister" name="getUsers" time="0.547"/>
  <system-out/>
</testsuite> <!-- apitestResReq.PostRegister -->
