<?xml version="1.0" encoding="UTF-8"?>
<!-- Generated by org.testng.reporters.JUnitReportReporter -->
<testsuite hostname="OTSWJLPY633" failures="0" tests="1" name="apitestResReq.GetNonExistingUser" time="0.616" errors="0" timestamp="2022-03-15T17:57:01 PDT" skipped="0">
  <testcase classname="apitestResReq.GetNonExistingUser" name="getUsers" time="0.616"/>
  <system-out/>
</testsuite> <!-- apitestResReq.GetNonExistingUser -->
